
Array
(
    [CLIENT_ID] => v6sxch44gkh4er2rln7bodfxoly0ywl8
    [event] => ONIMBOTMESSAGEADD
    [data] => Array
        (
            [BOT] => Array
                (
                    [2205] => Array
                        (
                            [BOT_ID] => 2205
                            [BOT_CODE] => h325liby681vj0td
                        )

                )

            [PARAMS] => Array
                (
                    [FROM_USER_ID] => 1987
                    [MESSAGE] => Oi
                    [TO_CHAT_ID] => 7619
                    [MESSAGE_TYPE] => L
                    [SKIP_COMMAND] => N
                    [SKIP_CONNECTOR] => N
                    [IMPORTANT_CONNECTOR] => N
                    [SILENT_CONNECTOR] => N
                    [AUTHOR_ID] => 1987
                    [CHAT_ID] => 7619
                    [CHAT_AUTHOR_ID] => 0
                    [CHAT_ENTITY_TYPE] => LINES
                    [CHAT_ENTITY_ID] => wz_whatsapp_c7fd5e275ee0fc4ed7694d8dcbef15748|33|f329665d-7c4e-4241-aac2-483e75d1dda3|1987
                    [CHAT_ENTITY_DATA_1] => Y|CONTACT|14737|N|N|4903|1641230304|67|0|0
                    [CHAT_ENTITY_DATA_2] => LEAD|0|COMPANY|0|CONTACT|14737|DEAL|0
                    [CHAT_ENTITY_DATA_3] => N
                    [COMMAND_CONTEXT] => TEXTAREA
                    [MESSAGE_ORIGINAL] => Oi
                    [TO_USER_ID] => 0
                    [DIALOG_ID] => chat7619
                    [MESSAGE_ID] => 444233
                    [CHAT_TYPE] => L
                    [LANGUAGE] => br
                )

            [USER] => Array
                (
                    [ID] => 1987
                    [NAME] => Bruno
                    [FIRST_NAME] => Bruno
                    [LAST_NAME] => 
                    [WORK_POSITION] => 
                    [GENDER] => M
                    [IS_BOT] => N
                    [IS_CONNECTOR] => Y
                    [IS_NETWORK] => N
                    [IS_EXTRANET] => Y
                )

        )

    [ts] => 1641230305
    [auth] => Array
        (
            [domain] => uctbrasil.bitrix24.com.br
            [client_endpoint] => https://uctbrasil.bitrix24.com.br/rest/
            [server_endpoint] => https://oauth.bitrix.info/rest/
            [member_id] => 7fd5e275ee0fc4ed7694d8dcbef15748
            [application_token] => v6sxch44gkh4er2rln7bodfxoly0ywl8
        )

)

Array
(
    [CLIENT_ID] => v6sxch44gkh4er2rln7bodfxoly0ywl8
    [event] => ONIMBOTMESSAGEADD
    [data] => Array
        (
            [BOT] => Array
                (
                    [2205] => Array
                        (
                            [BOT_ID] => 2205
                            [BOT_CODE] => h325liby681vj0td
                        )

                )

            [PARAMS] => Array
                (
                    [FROM_USER_ID] => 1987
                    [MESSAGE] => Oi
                    [TO_CHAT_ID] => 7619
                    [MESSAGE_TYPE] => L
                    [SKIP_COMMAND] => N
                    [SKIP_CONNECTOR] => N
                    [IMPORTANT_CONNECTOR] => N
                    [SILENT_CONNECTOR] => N
                    [AUTHOR_ID] => 1987
                    [CHAT_ID] => 7619
                    [CHAT_AUTHOR_ID] => 0
                    [CHAT_ENTITY_TYPE] => LINES
                    [CHAT_ENTITY_ID] => wz_whatsapp_c7fd5e275ee0fc4ed7694d8dcbef15748|33|f329665d-7c4e-4241-aac2-483e75d1dda3|1987
                    [CHAT_ENTITY_DATA_1] => Y|CONTACT|14737|N|N|4903|1641230304|67|0|0
                    [CHAT_ENTITY_DATA_2] => LEAD|0|COMPANY|0|CONTACT|14737|DEAL|0
                    [CHAT_ENTITY_DATA_3] => N
                    [COMMAND_CONTEXT] => TEXTAREA
                    [MESSAGE_ORIGINAL] => Oi
                    [TO_USER_ID] => 0
                    [DIALOG_ID] => chat7619
                    [MESSAGE_ID] => 444233
                    [CHAT_TYPE] => L
                    [LANGUAGE] => br
                )

            [USER] => Array
                (
                    [ID] => 1987
                    [NAME] => Bruno
                    [FIRST_NAME] => Bruno
                    [LAST_NAME] => 
                    [WORK_POSITION] => 
                    [GENDER] => M
                    [IS_BOT] => N
                    [IS_CONNECTOR] => Y
                    [IS_NETWORK] => N
                    [IS_EXTRANET] => Y
                )

        )

    [ts] => 1641230305
    [auth] => Array
        (
            [domain] => uctbrasil.bitrix24.com.br
            [client_endpoint] => https://uctbrasil.bitrix24.com.br/rest/
            [server_endpoint] => https://oauth.bitrix.info/rest/
            [member_id] => 7fd5e275ee0fc4ed7694d8dcbef15748
            [application_token] => v6sxch44gkh4er2rln7bodfxoly0ywl8
        )

)

Array
(
    [CLIENT_ID] => v6sxch44gkh4er2rln7bodfxoly0ywl8
    [event] => ONIMBOTJOINCHAT
    [data] => Array
        (
            [BOT] => Array
                (
                    [2205] => Array
                        (
                            [BOT_ID] => 2205
                            [BOT_CODE] => h325liby681vj0td
                        )

                )

            [PARAMS] => Array
                (
                    [CHAT_TYPE] => L
                    [MESSAGE_TYPE] => L
                    [BOT_ID] => 2205
                    [USER_ID] => 0
                    [CHAT_ID] => 7619
                    [CHAT_AUTHOR_ID] => 0
                    [CHAT_ENTITY_TYPE] => LINES
                    [CHAT_ENTITY_ID] => wz_whatsapp_c7fd5e275ee0fc4ed7694d8dcbef15748|33|f329665d-7c4e-4241-aac2-483e75d1dda3|1987
                    [ACCESS_HISTORY] => 1
                    [DIALOG_ID] => chat7619
                    [LANGUAGE] => br
                )

        )

    [ts] => 1641230305
    [auth] => Array
        (
            [domain] => uctbrasil.bitrix24.com.br
            [client_endpoint] => https://uctbrasil.bitrix24.com.br/rest/
            [server_endpoint] => https://oauth.bitrix.info/rest/
            [member_id] => 7fd5e275ee0fc4ed7694d8dcbef15748
            [application_token] => v6sxch44gkh4er2rln7bodfxoly0ywl8
        )

)

https://uctbrasil.bitrix24.com.br/rest/977/qt0csjmcx2sds6yc/imbot.message.add.json?BOT_ID=2205&CLIENT_ID=v6sxch44gkh4er2rln7bodfxoly0ywl8&DIALOG_ID=chat7619&MESSAGE=Com qual area deseja falar?%0A%0A1 - Bitrix24%0A2 - Telefonia%0A9 - Voltar ao menu anterior
Array
(
    [CLIENT_ID] => v6sxch44gkh4er2rln7bodfxoly0ywl8
    [event] => ONIMBOTMESSAGEADD
    [data] => Array
        (
            [BOT] => Array
                (
                    [2205] => Array
                        (
                            [BOT_ID] => 2205
                            [BOT_CODE] => h325liby681vj0td
                        )

                )

            [PARAMS] => Array
                (
                    [FROM_USER_ID] => 1987
                    [MESSAGE] => 1
                    [TO_CHAT_ID] => 7619
                    [MESSAGE_TYPE] => L
                    [SKIP_COMMAND] => N
                    [SKIP_CONNECTOR] => N
                    [IMPORTANT_CONNECTOR] => N
                    [SILENT_CONNECTOR] => N
                    [AUTHOR_ID] => 1987
                    [CHAT_ID] => 7619
                    [CHAT_AUTHOR_ID] => 0
                    [CHAT_ENTITY_TYPE] => LINES
                    [CHAT_ENTITY_ID] => wz_whatsapp_c7fd5e275ee0fc4ed7694d8dcbef15748|33|f329665d-7c4e-4241-aac2-483e75d1dda3|1987
                    [CHAT_ENTITY_DATA_1] => Y|CONTACT|14737|N|N|4903|1641230304|67|0|0
                    [CHAT_ENTITY_DATA_2] => LEAD|0|COMPANY|0|CONTACT|14737|DEAL|0
                    [CHAT_ENTITY_DATA_3] => N
                    [COMMAND_CONTEXT] => TEXTAREA
                    [MESSAGE_ORIGINAL] => 1
                    [TO_USER_ID] => 0
                    [DIALOG_ID] => chat7619
                    [MESSAGE_ID] => 444235
                    [CHAT_TYPE] => L
                    [LANGUAGE] => br
                )

            [USER] => Array
                (
                    [ID] => 1987
                    [NAME] => Bruno
                    [FIRST_NAME] => Bruno
                    [LAST_NAME] => 
                    [WORK_POSITION] => 
                    [GENDER] => M
                    [IS_BOT] => N
                    [IS_CONNECTOR] => Y
                    [IS_NETWORK] => N
                    [IS_EXTRANET] => Y
                )

        )

    [ts] => 1641230328
    [auth] => Array
        (
            [domain] => uctbrasil.bitrix24.com.br
            [client_endpoint] => https://uctbrasil.bitrix24.com.br/rest/
            [server_endpoint] => https://oauth.bitrix.info/rest/
            [member_id] => 7fd5e275ee0fc4ed7694d8dcbef15748
            [application_token] => v6sxch44gkh4er2rln7bodfxoly0ywl8
        )

)

Array
(
    [CLIENT_ID] => v6sxch44gkh4er2rln7bodfxoly0ywl8
    [event] => ONIMBOTMESSAGEADD
    [data] => Array
        (
            [BOT] => Array
                (
                    [2205] => Array
                        (
                            [BOT_ID] => 2205
                            [BOT_CODE] => h325liby681vj0td
                        )

                )

            [PARAMS] => Array
                (
                    [FROM_USER_ID] => 1987
                    [MESSAGE] => 1
                    [TO_CHAT_ID] => 7619
                    [MESSAGE_TYPE] => L
                    [SKIP_COMMAND] => N
                    [SKIP_CONNECTOR] => N
                    [IMPORTANT_CONNECTOR] => N
                    [SILENT_CONNECTOR] => N
                    [AUTHOR_ID] => 1987
                    [CHAT_ID] => 7619
                    [CHAT_AUTHOR_ID] => 0
                    [CHAT_ENTITY_TYPE] => LINES
                    [CHAT_ENTITY_ID] => wz_whatsapp_c7fd5e275ee0fc4ed7694d8dcbef15748|33|f329665d-7c4e-4241-aac2-483e75d1dda3|1987
                    [CHAT_ENTITY_DATA_1] => Y|CONTACT|14737|N|N|4903|1641230304|67|0|0
                    [CHAT_ENTITY_DATA_2] => LEAD|0|COMPANY|0|CONTACT|14737|DEAL|0
                    [CHAT_ENTITY_DATA_3] => N
                    [COMMAND_CONTEXT] => TEXTAREA
                    [MESSAGE_ORIGINAL] => 1
                    [TO_USER_ID] => 0
                    [DIALOG_ID] => chat7619
                    [MESSAGE_ID] => 444235
                    [CHAT_TYPE] => L
                    [LANGUAGE] => br
                )

            [USER] => Array
                (
                    [ID] => 1987
                    [NAME] => Bruno
                    [FIRST_NAME] => Bruno
                    [LAST_NAME] => 
                    [WORK_POSITION] => 
                    [GENDER] => M
                    [IS_BOT] => N
                    [IS_CONNECTOR] => Y
                    [IS_NETWORK] => N
                    [IS_EXTRANET] => Y
                )

        )

    [ts] => 1641230328
    [auth] => Array
        (
            [domain] => uctbrasil.bitrix24.com.br
            [client_endpoint] => https://uctbrasil.bitrix24.com.br/rest/
            [server_endpoint] => https://oauth.bitrix.info/rest/
            [member_id] => 7fd5e275ee0fc4ed7694d8dcbef15748
            [application_token] => v6sxch44gkh4er2rln7bodfxoly0ywl8
        )

)

https://uctbrasil.bitrix24.com.br/rest/977/qt0csjmcx2sds6yc/imbot.message.add.json?BOT_ID=2205&CLIENT_ID=v6sxch44gkh4er2rln7bodfxoly0ywl8&DIALOG_ID=chat7619&MESSAGE=Alguêm da equipe de Bitrix24 já ira atender você
https://uctbrasil.bitrix24.com.br/rest/977/qt0csjmcx2sds6yc/imopenlines.operator.transfer.json?CLIENT_ID=v6sxch44gkh4er2rln7bodfxoly0ywl8&CHAT_ID=7619&QUEUE_ID=67&LEAVE=Y
Array
(
    [CLIENT_ID] => v6sxch44gkh4er2rln7bodfxoly0ywl8
    [event] => ONIMBOTJOINCHAT
    [data] => Array
        (
            [BOT] => Array
                (
                    [2205] => Array
                        (
                            [BOT_ID] => 2205
                            [BOT_CODE] => h325liby681vj0td
                        )

                )

            [PARAMS] => Array
                (
                    [CHAT_TYPE] => L
                    [MESSAGE_TYPE] => L
                    [BOT_ID] => 2205
                    [USER_ID] => 0
                    [CHAT_ID] => 7619
                    [CHAT_AUTHOR_ID] => 0
                    [CHAT_ENTITY_TYPE] => LINES
                    [CHAT_ENTITY_ID] => wz_whatsapp_c7fd5e275ee0fc4ed7694d8dcbef15748|33|f329665d-7c4e-4241-aac2-483e75d1dda3|1987
                    [ACCESS_HISTORY] => 1
                    [DIALOG_ID] => chat7619
                    [LANGUAGE] => br
                )

        )

    [ts] => 1641904163
    [auth] => Array
        (
            [domain] => uctbrasil.bitrix24.com.br
            [client_endpoint] => https://uctbrasil.bitrix24.com.br/rest/
            [server_endpoint] => https://oauth.bitrix.info/rest/
            [member_id] => 7fd5e275ee0fc4ed7694d8dcbef15748
            [application_token] => v6sxch44gkh4er2rln7bodfxoly0ywl8
        )

)
=> Bom dia
                    [TO_USER_ID] => 0
                    [DIALOG_ID] => chat7619
                    [MESSAGE_ID] => 449205
                    [CHAT_TYPE] => L
                    [LANGUAGE] => br
                )

            [USER] => Array
                (
                    [ID] => 1987
                    [NAME] => Bruno
                    [FIRST_NAME] => Bruno
                    [LAST_NAME] => 
                    [WORK_POSITION] => 
                    [GENDER] => M
                    [IS_BOT] => N
                    [IS_CONNECTOR] => Y
                    [IS_NETWORK] => N
                    [IS_EXTRANET] => Y
                )

        )

    [ts] => 1641904163
    [auth] => Array
        (
            [domain] => uctbrasil.bitrix24.com.br
            [client_endpoint] => https://uctbrasil.bitrix24.com.br/rest/
            [server_endpoint] => https://oauth.bitrix.info/rest/
            [member_id] => 7fd5e275ee0fc4ed7694d8dcbef15748
            [application_token] => v6sxch44gkh4er2rln7bodfxoly0ywl8
        )

)

Array
(
    [CLIENT_ID] => v6sxch44gkh4er2rln7bodfxoly0ywl8
    [event] => ONIMBOTMESSAGEADD
    [data] => Array
        (
            [BOT] => Array
                (
                    [2205] => Array
                        (
                            [BOT_ID] => 2205
                            [BOT_CODE] => h325liby681vj0td
                        )

                )

            [PARAMS] => Array
                (
                    [FROM_USER_ID] => 1987
                    [MESSAGE] => Bom dia
                    [TO_CHAT_ID] => 7619
                    [MESSAGE_TYPE] => L
                    [SKIP_COMMAND] => N
                    [SKIP_CONNECTOR] => N
                    [IMPORTANT_CONNECTOR] => N
                    [SILENT_CONNECTOR] => N
                    [AUTHOR_ID] => 1987
                    [CHAT_ID] => 7619
                    [CHAT_AUTHOR_ID] => 0
                    [CHAT_ENTITY_TYPE] => LINES
                    [CHAT_ENTITY_ID] => wz_whatsapp_c7fd5e275ee0fc4ed7694d8dcbef15748|33|f329665d-7c4e-4241-aac2-483e75d1dda3|1987
                    [CHAT_ENTITY_DATA_1] => Y|CONTACT|14737|N|N|4927|1641904162|67|0|0
                    [CHAT_ENTITY_DATA_2] => LEAD|0|COMPANY|0|CONTACT|14737|DEAL|0
                    [CHAT_ENTITY_DATA_3] => N
                    [COMMAND_CONTEXT] => TEXTAREA
                    [MESSAGE_ORIGINAL] => Bom dia
                    [TO_USER_ID] => 0
                    [DIALOG_ID] => chat7619
                    [MESSAGE_ID] => 449205
                    [CHAT_TYPE] => L
                    [LANGUAGE] => br
                )

            [USER] => Array
                (
                    [ID] => 1987
                    [NAME] => Bruno
                    [FIRST_NAME] => Bruno
                    [LAST_NAME] => 
                    [WORK_POSITION] => 
                    [GENDER] => M
                    [IS_BOT] => N
                    [IS_CONNECTOR] => Y
                    [IS_NETWORK] => N
                    [IS_EXTRANET] => Y
                )

        )

    [ts] => 1641904163
    [auth] => Array
        (
            [domain] => uctbrasil.bitrix24.com.br
            [client_endpoint] => https://uctbrasil.bitrix24.com.br/rest/
            [server_endpoint] => https://oauth.bitrix.info/rest/
            [member_id] => 7fd5e275ee0fc4ed7694d8dcbef15748
            [application_token] => v6sxch44gkh4er2rln7bodfxoly0ywl8
        )

)

Array
(
    [CLIENT_ID] => v6sxch44gkh4er2rln7bodfxoly0ywl8
    [event] => ONIMBOTMESSAGEADD
    [data] => Array
        (
            [BOT] => Array
                (
                    [2205] => Array
                        (
                            [BOT_ID] => 2205
                            [BOT_CODE] => h325liby681vj0td
                        )

                )

            [PARAMS] => Array
                (
                    [FROM_USER_ID] => 1987
                    [MESSAGE] => 1
                    [TO_CHAT_ID] => 7619
                    [MESSAGE_TYPE] => L
                    [SKIP_COMMAND] => N
                    [SKIP_CONNECTOR] => N
                    [IMPORTANT_CONNECTOR] => N
                    [SILENT_CONNECTOR] => N
                    [AUTHOR_ID] => 1987
                    [CHAT_ID] => 7619
                    [CHAT_AUTHOR_ID] => 0
                    [CHAT_ENTITY_TYPE] => LINES
                    [CHAT_ENTITY_ID] => wz_whatsapp_c7fd5e275ee0fc4ed7694d8dcbef15748|33|f329665d-7c4e-4241-aac2-483e75d1dda3|1987
                    [CHAT_ENTITY_DATA_1] => Y|CONTACT|14737|N|N|4927|1641904162|67|0|0
                    [CHAT_ENTITY_DATA_2] => LEAD|0|COMPANY|0|CONTACT|14737|DEAL|0
                    [CHAT_ENTITY_DATA_3] => N
                    [COMMAND_CONTEXT] => TEXTAREA
                    [MESSAGE_ORIGINAL] => 1
                    [TO_USER_ID] => 0
                    [DIALOG_ID] => chat7619
                    [MESSAGE_ID] => 449209
                    [CHAT_TYPE] => L
                    [LANGUAGE] => br
                )

            [USER] => Array
                (
                    [ID] => 1987
                    [NAME] => Bruno
                    [FIRST_NAME] => Bruno
                    [LAST_NAME] => 
                    [WORK_POSITION] => 
                    [GENDER] => M
                    [IS_BOT] => N
                    [IS_CONNECTOR] => Y
                    [IS_NETWORK] => N
                    [IS_EXTRANET] => Y
                )

        )

    [ts] => 1641904177
    [auth] => Array
        (
            [domain] => uctbrasil.bitrix24.com.br
            [client_endpoint] => https://uctbrasil.bitrix24.com.br/rest/
            [server_endpoint] => https://oauth.bitrix.info/rest/
            [member_id] => 7fd5e275ee0fc4ed7694d8dcbef15748
            [application_token] => v6sxch44gkh4er2rln7bodfxoly0ywl8
        )

)

Array
(
    [CLIENT_ID] => v6sxch44gkh4er2rln7bodfxoly0ywl8
    [event] => ONIMBOTMESSAGEADD
    [data] => Array
        (
            [BOT] => Array
                (
                    [2205] => Array
                        (
                            [BOT_ID] => 2205
                            [BOT_CODE] => h325liby681vj0td
                        )

                )

            [PARAMS] => Array
                (
                    [FROM_USER_ID] => 1987
                    [MESSAGE] => 1
                    [TO_CHAT_ID] => 7619
                    [MESSAGE_TYPE] => L
                    [SKIP_COMMAND] => N
                    [SKIP_CONNECTOR] => N
                    [IMPORTANT_CONNECTOR] => N
                    [SILENT_CONNECTOR] => N
                    [AUTHOR_ID] => 1987
                    [CHAT_ID] => 7619
                    [CHAT_AUTHOR_ID] => 0
                    [CHAT_ENTITY_TYPE] => LINES
                    [CHAT_ENTITY_ID] => wz_whatsapp_c7fd5e275ee0fc4ed7694d8dcbef15748|33|f329665d-7c4e-4241-aac2-483e75d1dda3|1987
                    [CHAT_ENTITY_DATA_1] => Y|CONTACT|14737|N|N|4927|1641904162|67|0|0
                    [CHAT_ENTITY_DATA_2] => LEAD|0|COMPANY|0|CONTACT|14737|DEAL|0
                    [CHAT_ENTITY_DATA_3] => N
                    [COMMAND_CONTEXT] => TEXTAREA
                    [MESSAGE_ORIGINAL] => 1
                    [TO_USER_ID] => 0
                    [DIALOG_ID] => chat7619
                    [MESSAGE_ID] => 449209
                    [CHAT_TYPE] => L
                    [LANGUAGE] => br
                )

            [USER] => Array
                (
                    [ID] => 1987
                    [NAME] => Bruno
                    [FIRST_NAME] => Bruno
                    [LAST_NAME] => 
                    [WORK_POSITION] => 
                    [GENDER] => M
                    [IS_BOT] => N
                    [IS_CONNECTOR] => Y
                    [IS_NETWORK] => N
                    [IS_EXTRANET] => Y
                )

        )

    [ts] => 1641904177
    [auth] => Array
        (
            [domain] => uctbrasil.bitrix24.com.br
            [client_endpoint] => https://uctbrasil.bitrix24.com.br/rest/
            [server_endpoint] => https://oauth.bitrix.info/rest/
            [member_id] => 7fd5e275ee0fc4ed7694d8dcbef15748
            [application_token] => v6sxch44gkh4er2rln7bodfxoly0ywl8
        )

)

Array
(
    [CLIENT_ID] => v6sxch44gkh4er2rln7bodfxoly0ywl8
    [event] => ONIMBOTJOINCHAT
    [data] => Array
        (
            [BOT] => Array
                (
                    [2205] => Array
                        (
                            [BOT_ID] => 2205
                            [BOT_CODE] => h325liby681vj0td
                        )

                )

            [PARAMS] => Array
                (
                    [CHAT_TYPE] => L
                    [MESSAGE_TYPE] => L
                    [BOT_ID] => 2205
                    [USER_ID] => 0
                    [CHAT_ID] => 7619
                    [CHAT_AUTHOR_ID] => 0
                    [CHAT_ENTITY_TYPE] => LINES
                    [CHAT_ENTITY_ID] => wz_whatsapp_c7fd5e275ee0fc4ed7694d8dcbef15748|33|f329665d-7c4e-4241-aac2-483e75d1dda3|1987
                    [ACCESS_HISTORY] => 1
                    [DIALOG_ID] => chat7619
                    [LANGUAGE] => br
                )

        )

    [ts] => 1641904644
    [auth] => Array
        (
            [domain] => uctbrasil.bitrix24.com.br
            [client_endpoint] => https://uctbrasil.bitrix24.com.br/rest/
            [server_endpoint] => https://oauth.bitrix.info/rest/
            [member_id] => 7fd5e275ee0fc4ed7694d8dcbef15748
            [application_token] => v6sxch44gkh4er2rln7bodfxoly0ywl8
        )

)

Array
(
    [CLIENT_ID] => v6sxch44gkh4er2rln7bodfxoly0ywl8
    [event] => ONIMBOTMESSAGEADD
    [data] => Array
        (
            [BOT] => Array
                (
                    [2205] => Array
                        (
                            [BOT_ID] => 2205
                            [BOT_CODE] => h325liby681vj0td
                        )

                )

            [PARAMS] => Array
                (
                    [FROM_USER_ID] => 1987
                    [MESSAGE] => Bom dia
                    [TO_CHAT_ID] => 7619
                    [MESSAGE_TYPE] => L
                    [SKIP_COMMAND] => N
                    [SKIP_CONNECTOR] => N
                    [IMPORTANT_CONNECTOR] => N
                    [SILENT_CONNECTOR] => N
                    [AUTHOR_ID] => 1987
                    [CHAT_ID] => 7619
                    [CHAT_AUTHOR_ID] => 0
                    [CHAT_ENTITY_TYPE] => LINES
                    [CHAT_ENTITY_ID] => wz_whatsapp_c7fd5e275ee0fc4ed7694d8dcbef15748|33|f329665d-7c4e-4241-aac2-483e75d1dda3|1987
                    [CHAT_ENTITY_DATA_1] => Y|CONTACT|14737|N|N|4929|1641904644|67|0|0
                    [CHAT_ENTITY_DATA_2] => LEAD|0|COMPANY|0|CONTACT|14737|DEAL|0
                    [CHAT_ENTITY_DATA_3] => N
                    [COMMAND_CONTEXT] => TEXTAREA
                    [MESSAGE_ORIGINAL] => Bom dia
                    [TO_USER_ID] => 0
                    [DIALOG_ID] => chat7619
                    [MESSAGE_ID] => 449239
                    [CHAT_TYPE] => L
                    [LANGUAGE] => br
                )

            [USER] => Array
                (
                    [ID] => 1987
                    [NAME] => Bruno
                    [FIRST_NAME] => Bruno
                    [LAST_NAME] => 
                    [WORK_POSITION] => 
                    [GENDER] => M
                    [IS_BOT] => N
                    [IS_CONNECTOR] => Y
                    [IS_NETWORK] => N
                    [IS_EXTRANET] => Y
                )

        )

    [ts] => 1641904644
    [auth] => Array
        (
            [domain] => uctbrasil.bitrix24.com.br
            [client_endpoint] => https://uctbrasil.bitrix24.com.br/rest/
            [server_endpoint] => https://oauth.bitrix.info/rest/
            [member_id] => 7fd5e275ee0fc4ed7694d8dcbef15748
            [application_token] => v6sxch44gkh4er2rln7bodfxoly0ywl8
        )

)

Array
(
    [CLIENT_ID] => v6sxch44gkh4er2rln7bodfxoly0ywl8
    [event] => ONIMBOTMESSAGEADD
    [data] => Array
        (
            [BOT] => Array
                (
                    [2205] => Array
                        (
                            [BOT_ID] => 2205
                            [BOT_CODE] => h325liby681vj0td
                        )

                )

            [PARAMS] => Array
                (
                    [FROM_USER_ID] => 1987
                    [MESSAGE] => Bom dia
                    [TO_CHAT_ID] => 7619
                    [MESSAGE_TYPE] => L
                    [SKIP_COMMAND] => N
                    [SKIP_CONNECTOR] => N
                    [IMPORTANT_CONNECTOR] => N
                    [SILENT_CONNECTOR] => N
                    [AUTHOR_ID] => 1987
                    [CHAT_ID] => 7619
                    [CHAT_AUTHOR_ID] => 0
                    [CHAT_ENTITY_TYPE] => LINES
                    [CHAT_ENTITY_ID] => wz_whatsapp_c7fd5e275ee0fc4ed7694d8dcbef15748|33|f329665d-7c4e-4241-aac2-483e75d1dda3|1987
                    [CHAT_ENTITY_DATA_1] => Y|CONTACT|14737|N|N|4929|1641904644|67|0|0
                    [CHAT_ENTITY_DATA_2] => LEAD|0|COMPANY|0|CONTACT|14737|DEAL|0
                    [CHAT_ENTITY_DATA_3] => N
                    [COMMAND_CONTEXT] => TEXTAREA
                    [MESSAGE_ORIGINAL] => Bom dia
                    [TO_USER_ID] => 0
                    [DIALOG_ID] => chat7619
                    [MESSAGE_ID] => 449239
                    [CHAT_TYPE] => L
                    [LANGUAGE] => br
                )

            [USER] => Array
                (
                    [ID] => 1987
                    [NAME] => Bruno
                    [FIRST_NAME] => Bruno
                    [LAST_NAME] => 
                    [WORK_POSITION] => 
                    [GENDER] => M
                    [IS_BOT] => N
                    [IS_CONNECTOR] => Y
                    [IS_NETWORK] => N
                    [IS_EXTRANET] => Y
                )

        )

    [ts] => 1641904644
    [auth] => Array
        (
            [domain] => uctbrasil.bitrix24.com.br
            [client_endpoint] => https://uctbrasil.bitrix24.com.br/rest/
            [server_endpoint] => https://oauth.bitrix.info/rest/
            [member_id] => 7fd5e275ee0fc4ed7694d8dcbef15748
            [application_token] => v6sxch44gkh4er2rln7bodfxoly0ywl8
        )

)

Array
(
    [CLIENT_ID] => v6sxch44gkh4er2rln7bodfxoly0ywl8
    [event] => ONIMBOTMESSAGEADD
    [data] => Array
        (
            [BOT] => Array
                (
                    [2205] => Array
                        (
                            [BOT_ID] => 2205
                            [BOT_CODE] => h325liby681vj0td
                        )

                )

            [PARAMS] => Array
                (
                    [FROM_USER_ID] => 1987
                    [MESSAGE] => 1
                    [TO_CHAT_ID] => 7619
                    [MESSAGE_TYPE] => L
                    [SKIP_COMMAND] => N
                    [SKIP_CONNECTOR] => N
                    [IMPORTANT_CONNECTOR] => N
                    [SILENT_CONNECTOR] => N
                    [AUTHOR_ID] => 1987
                    [CHAT_ID] => 7619
                    [CHAT_AUTHOR_ID] => 0
                    [CHAT_ENTITY_TYPE] => LINES
                    [CHAT_ENTITY_ID] => wz_whatsapp_c7fd5e275ee0fc4ed7694d8dcbef15748|33|f329665d-7c4e-4241-aac2-483e75d1dda3|1987
                    [CHAT_ENTITY_DATA_1] => Y|CONTACT|14737|N|N|4929|1641904644|67|0|0
                    [CHAT_ENTITY_DATA_2] => LEAD|0|COMPANY|0|CONTACT|14737|DEAL|0
                    [CHAT_ENTITY_DATA_3] => N
                    [COMMAND_CONTEXT] => TEXTAREA
                    [MESSAGE_ORIGINAL] => 1
                    [TO_USER_ID] => 0
                    [DIALOG_ID] => chat7619
                    [MESSAGE_ID] => 449243
                    [CHAT_TYPE] => L
                    [LANGUAGE] => br
                )

            [USER] => Array
                (
                    [ID] => 1987
                    [NAME] => Bruno
                    [FIRST_NAME] => Bruno
                    [LAST_NAME] => 
                    [WORK_POSITION] => 
                    [GENDER] => M
                    [IS_BOT] => N
                    [IS_CONNECTOR] => Y
                    [IS_NETWORK] => N
                    [IS_EXTRANET] => Y
                )

        )

    [ts] => 1641904655
    [auth] => Array
        (
            [domain] => uctbrasil.bitrix24.com.br
            [client_endpoint] => https://uctbrasil.bitrix24.com.br/rest/
            [server_endpoint] => https://oauth.bitrix.info/rest/
            [member_id] => 7fd5e275ee0fc4ed7694d8dcbef15748
            [application_token] => v6sxch44gkh4er2rln7bodfxoly0ywl8
        )

)

Array
(
    [CLIENT_ID] => v6sxch44gkh4er2rln7bodfxoly0ywl8
    [event] => ONIMBOTMESSAGEADD
    [data] => Array
        (
            [BOT] => Array
                (
                    [2205] => Array
                        (
                            [BOT_ID] => 2205
                            [BOT_CODE] => h325liby681vj0td
                        )

                )

            [PARAMS] => Array
                (
                    [FROM_USER_ID] => 1987
                    [MESSAGE] => 1
                    [TO_CHAT_ID] => 7619
                    [MESSAGE_TYPE] => L
                    [SKIP_COMMAND] => N
                    [SKIP_CONNECTOR] => N
                    [IMPORTANT_CONNECTOR] => N
                    [SILENT_CONNECTOR] => N
                    [AUTHOR_ID] => 1987
                    [CHAT_ID] => 7619
                    [CHAT_AUTHOR_ID] => 0
                    [CHAT_ENTITY_TYPE] => LINES
                    [CHAT_ENTITY_ID] => wz_whatsapp_c7fd5e275ee0fc4ed7694d8dcbef15748|33|f329665d-7c4e-4241-aac2-483e75d1dda3|1987
                    [CHAT_ENTITY_DATA_1] => Y|CONTACT|14737|N|N|4929|1641904644|67|0|0
                    [CHAT_ENTITY_DATA_2] => LEAD|0|COMPANY|0|CONTACT|14737|DEAL|0
                    [CHAT_ENTITY_DATA_3] => N
                    [COMMAND_CONTEXT] => TEXTAREA
                    [MESSAGE_ORIGINAL] => 1
                    [TO_USER_ID] => 0
                    [DIALOG_ID] => chat7619
                    [MESSAGE_ID] => 449243
                    [CHAT_TYPE] => L
                    [LANGUAGE] => br
                )

            [USER] => Array
                (
                    [ID] => 1987
                    [NAME] => Bruno
                    [FIRST_NAME] => Bruno
                    [LAST_NAME] => 
                    [WORK_POSITION] => 
                    [GENDER] => M
                    [IS_BOT] => N
                    [IS_CONNECTOR] => Y
                    [IS_NETWORK] => N
                    [IS_EXTRANET] => Y
                )

        )

    [ts] => 1641904655
    [auth] => Array
        (
            [domain] => uctbrasil.bitrix24.com.br
            [client_endpoint] => https://uctbrasil.bitrix24.com.br/rest/
            [server_endpoint] => https://oauth.bitrix.info/rest/
            [member_id] => 7fd5e275ee0fc4ed7694d8dcbef15748
            [application_token] => v6sxch44gkh4er2rln7bodfxoly0ywl8
        )

)

Array
(
    [CLIENT_ID] => v6sxch44gkh4er2rln7bodfxoly0ywl8
    [event] => ONIMBOTJOINCHAT
    [data] => Array
        (
            [BOT] => Array
                (
                    [2205] => Array
                        (
                            [BOT_ID] => 2205
                            [BOT_CODE] => h325liby681vj0td
                        )

                )

            [PARAMS] => Array
                (
                    [CHAT_TYPE] => P
                    [MESSAGE_TYPE] => P
                    [BOT_ID] => 2205
                    [USER_ID] => 977
                    [TO_USER_ID] => 977
                    [FROM_USER_ID] => 2205
                    [DIALOG_ID] => 977
                    [LANGUAGE] => br
                )

            [USER] => Array
                (
                    [ID] => 977
                    [NAME] => Bruno Forte
                    [FIRST_NAME] => Bruno
                    [LAST_NAME] => Forte
                    [WORK_POSITION] => Coordenador de Desenvolvimento
                    [GENDER] => M
                )

        )

    [ts] => 1641908278
    [auth] => Array
        (
            [domain] => uctbrasil.bitrix24.com.br
            [client_endpoint] => https://uctbrasil.bitrix24.com.br/rest/
            [server_endpoint] => https://oauth.bitrix.info/rest/
            [member_id] => 7fd5e275ee0fc4ed7694d8dcbef15748
            [application_token] => v6sxch44gkh4er2rln7bodfxoly0ywl8
        )

)

Array
(
    [CLIENT_ID] => v6sxch44gkh4er2rln7bodfxoly0ywl8
    [event] => ONIMBOTJOINCHAT
    [data] => Array
        (
            [BOT] => Array
                (
                    [2205] => Array
                        (
                            [BOT_ID] => 2205
                            [BOT_CODE] => h325liby681vj0td
                        )

                )

            [PARAMS] => Array
                (
                    [CHAT_TYPE] => L
                    [MESSAGE_TYPE] => L
                    [BOT_ID] => 2205
                    [USER_ID] => 0
                    [CHAT_ID] => 7619
                    [CHAT_AUTHOR_ID] => 0
                    [CHAT_ENTITY_TYPE] => LINES
                    [CHAT_ENTITY_ID] => wz_whatsapp_c7fd5e275ee0fc4ed7694d8dcbef15748|33|f329665d-7c4e-4241-aac2-483e75d1dda3|1987
                    [ACCESS_HISTORY] => 1
                    [DIALOG_ID] => chat7619
                    [LANGUAGE] => br
                )

        )

    [ts] => 1641908587
    [auth] => Array
        (
            [domain] => uctbrasil.bitrix24.com.br
            [client_endpoint] => https://uctbrasil.bitrix24.com.br/rest/
            [server_endpoint] => https://oauth.bitrix.info/rest/
            [member_id] => 7fd5e275ee0fc4ed7694d8dcbef15748
            [application_token] => v6sxch44gkh4er2rln7bodfxoly0ywl8
        )

)

Array
(
    [CLIENT_ID] => v6sxch44gkh4er2rln7bodfxoly0ywl8
    [event] => ONIMBOTMESSAGEADD
    [data] => Array
        (
            [BOT] => Array
                (
                    [2205] => Array
                        (
                            [BOT_ID] => 2205
                            [BOT_CODE] => h325liby681vj0td
                        )

                )

            [PARAMS] => Array
                (
                    [FROM_USER_ID] => 1987
                    [MESSAGE] => Bom dia
                    [TO_CHAT_ID] => 7619
                    [MESSAGE_TYPE] => L
                    [SKIP_COMMAND] => N
                    [SKIP_CONNECTOR] => N
                    [IMPORTANT_CONNECTOR] => N
                    [SILENT_CONNECTOR] => N
                    [AUTHOR_ID] => 1987
                    [CHAT_ID] => 7619
                    [CHAT_AUTHOR_ID] => 0
                    [CHAT_ENTITY_TYPE] => LINES
                    [CHAT_ENTITY_ID] => wz_whatsapp_c7fd5e275ee0fc4ed7694d8dcbef15748|33|f329665d-7c4e-4241-aac2-483e75d1dda3|1987
                    [CHAT_ENTITY_DATA_1] => Y|CONTACT|14737|N|N|4935|1641908586|67|0|0
                    [CHAT_ENTITY_DATA_2] => LEAD|0|COMPANY|0|CONTACT|14737|DEAL|0
                    [CHAT_ENTITY_DATA_3] => N
                    [COMMAND_CONTEXT] => TEXTAREA
                    [MESSAGE_ORIGINAL] => Bom dia
                    [TO_USER_ID] => 0
                    [DIALOG_ID] => chat7619
                    [MESSAGE_ID] => 449337
                    [CHAT_TYPE] => L
                    [LANGUAGE] => br
                )

            [USER] => Array
                (
                    [ID] => 1987
                    [NAME] => Bruno
                    [FIRST_NAME] => Bruno
                    [LAST_NAME] => 
                    [WORK_POSITION] => 
                    [GENDER] => M
                    [IS_BOT] => N
                    [IS_CONNECTOR] => Y
                    [IS_NETWORK] => N
                    [IS_EXTRANET] => Y
                )

        )

    [ts] => 1641908587
    [auth] => Array
        (
            [domain] => uctbrasil.bitrix24.com.br
            [client_endpoint] => https://uctbrasil.bitrix24.com.br/rest/
            [server_endpoint] => https://oauth.bitrix.info/rest/
            [member_id] => 7fd5e275ee0fc4ed7694d8dcbef15748
            [application_token] => v6sxch44gkh4er2rln7bodfxoly0ywl8
        )

)

Array
(
    [CLIENT_ID] => v6sxch44gkh4er2rln7bodfxoly0ywl8
    [event] => ONIMBOTMESSAGEADD
    [data] => Array
        (
            [BOT] => Array
                (
                    [2205] => Array
                        (
                            [BOT_ID] => 2205
                            [BOT_CODE] => h325liby681vj0td
                        )

                )

            [PARAMS] => Array
                (
                    [FROM_USER_ID] => 1987
                    [MESSAGE] => Bom dia
                    [TO_CHAT_ID] => 7619
                    [MESSAGE_TYPE] => L
                    [SKIP_COMMAND] => N
                    [SKIP_CONNECTOR] => N
                    [IMPORTANT_CONNECTOR] => N
                    [SILENT_CONNECTOR] => N
                    [AUTHOR_ID] => 1987
                    [CHAT_ID] => 7619
                    [CHAT_AUTHOR_ID] => 0
                    [CHAT_ENTITY_TYPE] => LINES
                    [CHAT_ENTITY_ID] => wz_whatsapp_c7fd5e275ee0fc4ed7694d8dcbef15748|33|f329665d-7c4e-4241-aac2-483e75d1dda3|1987
                    [CHAT_ENTITY_DATA_1] => Y|CONTACT|14737|N|N|4935|1641908586|67|0|0
                    [CHAT_ENTITY_DATA_2] => LEAD|0|COMPANY|0|CONTACT|14737|DEAL|0
                    [CHAT_ENTITY_DATA_3] => N
                    [COMMAND_CONTEXT] => TEXTAREA
                    [MESSAGE_ORIGINAL] => Bom dia
                    [TO_USER_ID] => 0
                    [DIALOG_ID] => chat7619
                    [MESSAGE_ID] => 449337
                    [CHAT_TYPE] => L
                    [LANGUAGE] => br
                )

            [USER] => Array
                (
                    [ID] => 1987
                    [NAME] => Bruno
                    [FIRST_NAME] => Bruno
                    [LAST_NAME] => 
                    [WORK_POSITION] => 
                    [GENDER] => M
                    [IS_BOT] => N
                    [IS_CONNECTOR] => Y
                    [IS_NETWORK] => N
                    [IS_EXTRANET] => Y
                )

        )

    [ts] => 1641908587
    [auth] => Array
        (
            [domain] => uctbrasil.bitrix24.com.br
            [client_endpoint] => https://uctbrasil.bitrix24.com.br/rest/
            [server_endpoint] => https://oauth.bitrix.info/rest/
            [member_id] => 7fd5e275ee0fc4ed7694d8dcbef15748
            [application_token] => v6sxch44gkh4er2rln7bodfxoly0ywl8
        )

)

Array
(
    [CLIENT_ID] => v6sxch44gkh4er2rln7bodfxoly0ywl8
    [event] => ONIMBOTMESSAGEADD
    [data] => Array
        (
            [BOT] => Array
                (
                    [2205] => Array
                        (
                            [BOT_ID] => 2205
                            [BOT_CODE] => h325liby681vj0td
                        )

                )

            [PARAMS] => Array
                (
                    [FROM_USER_ID] => 1987
                    [MESSAGE] => 1
                    [TO_CHAT_ID] => 7619
                    [MESSAGE_TYPE] => L
                    [SKIP_COMMAND] => N
                    [SKIP_CONNECTOR] => N
                    [IMPORTANT_CONNECTOR] => N
                    [SILENT_CONNECTOR] => N
                    [AUTHOR_ID] => 1987
                    [CHAT_ID] => 7619
                    [CHAT_AUTHOR_ID] => 0
                    [CHAT_ENTITY_TYPE] => LINES
                    [CHAT_ENTITY_ID] => wz_whatsapp_c7fd5e275ee0fc4ed7694d8dcbef15748|33|f329665d-7c4e-4241-aac2-483e75d1dda3|1987
                    [CHAT_ENTITY_DATA_1] => Y|CONTACT|14737|N|N|4935|1641908586|67|0|0
                    [CHAT_ENTITY_DATA_2] => LEAD|0|COMPANY|0|CONTACT|14737|DEAL|0
                    [CHAT_ENTITY_DATA_3] => N
                    [COMMAND_CONTEXT] => TEXTAREA
                    [MESSAGE_ORIGINAL] => 1
                    [TO_USER_ID] => 0
                    [DIALOG_ID] => chat7619
                    [MESSAGE_ID] => 449341
                    [CHAT_TYPE] => L
                    [LANGUAGE] => br
                )

            [USER] => Array
                (
                    [ID] => 1987
                    [NAME] => Bruno
                    [FIRST_NAME] => Bruno
                    [LAST_NAME] => 
                    [WORK_POSITION] => 
                    [GENDER] => M
                    [IS_BOT] => N
                    [IS_CONNECTOR] => Y
                    [IS_NETWORK] => N
                    [IS_EXTRANET] => Y
                )

        )

    [ts] => 1641908598
    [auth] => Array
        (
            [domain] => uctbrasil.bitrix24.com.br
            [client_endpoint] => https://uctbrasil.bitrix24.com.br/rest/
            [server_endpoint] => https://oauth.bitrix.info/rest/
            [member_id] => 7fd5e275ee0fc4ed7694d8dcbef15748
            [application_token] => v6sxch44gkh4er2rln7bodfxoly0ywl8
        )

)

Array
(
    [CLIENT_ID] => v6sxch44gkh4er2rln7bodfxoly0ywl8
    [event] => ONIMBOTMESSAGEADD
    [data] => Array
        (
            [BOT] => Array
                (
                    [2205] => Array
                        (
                            [BOT_ID] => 2205
                            [BOT_CODE] => h325liby681vj0td
                        )

                )

            [PARAMS] => Array
                (
                    [FROM_USER_ID] => 1987
                    [MESSAGE] => 1
                    [TO_CHAT_ID] => 7619
                    [MESSAGE_TYPE] => L
                    [SKIP_COMMAND] => N
                    [SKIP_CONNECTOR] => N
                    [IMPORTANT_CONNECTOR] => N
                    [SILENT_CONNECTOR] => N
                    [AUTHOR_ID] => 1987
                    [CHAT_ID] => 7619
                    [CHAT_AUTHOR_ID] => 0
                    [CHAT_ENTITY_TYPE] => LINES
                    [CHAT_ENTITY_ID] => wz_whatsapp_c7fd5e275ee0fc4ed7694d8dcbef15748|33|f329665d-7c4e-4241-aac2-483e75d1dda3|1987
                    [CHAT_ENTITY_DATA_1] => Y|CONTACT|14737|N|N|4935|1641908586|67|0|0
                    [CHAT_ENTITY_DATA_2] => LEAD|0|COMPANY|0|CONTACT|14737|DEAL|0
                    [CHAT_ENTITY_DATA_3] => N
                    [COMMAND_CONTEXT] => TEXTAREA
                    [MESSAGE_ORIGINAL] => 1
                    [TO_USER_ID] => 0
                    [DIALOG_ID] => chat7619
                    [MESSAGE_ID] => 449341
                    [CHAT_TYPE] => L
                    [LANGUAGE] => br
                )

            [USER] => Array
                (
                    [ID] => 1987
                    [NAME] => Bruno
                    [FIRST_NAME] => Bruno
                    [LAST_NAME] => 
                    [WORK_POSITION] => 
                    [GENDER] => M
                    [IS_BOT] => N
                    [IS_CONNECTOR] => Y
                    [IS_NETWORK] => N
                    [IS_EXTRANET] => Y
                )

        )

    [ts] => 1641908598
    [auth] => Array
        (
            [domain] => uctbrasil.bitrix24.com.br
            [client_endpoint] => https://uctbrasil.bitrix24.com.br/rest/
            [server_endpoint] => https://oauth.bitrix.info/rest/
            [member_id] => 7fd5e275ee0fc4ed7694d8dcbef15748
            [application_token] => v6sxch44gkh4er2rln7bodfxoly0ywl8
        )

)

Array
(
    [CLIENT_ID] => v6sxch44gkh4er2rln7bodfxoly0ywl8
    [event] => ONIMBOTMESSAGEADD
    [data] => Array
        (
            [BOT] => Array
                (
                    [2205] => Array
                        (
                            [BOT_ID] => 2205
                            [BOT_CODE] => h325liby681vj0td
                        )

                )

            [PARAMS] => Array
                (
                    [FROM_USER_ID] => 235
                    [TO_CHAT_ID] => 7619
                    [MESSAGE] => olá
                    [SILENT_CONNECTOR] => N
                    [TEMPLATE_ID] => temp0
                    [MESSAGE_TYPE] => L
                    [SKIP_COMMAND] => N
                    [SKIP_CONNECTOR] => N
                    [IMPORTANT_CONNECTOR] => N
                    [AUTHOR_ID] => 235
                    [CHAT_ID] => 7619
                    [CHAT_AUTHOR_ID] => 235
                    [CHAT_ENTITY_TYPE] => LINES
                    [CHAT_ENTITY_ID] => wz_whatsapp_c7fd5e275ee0fc4ed7694d8dcbef15748|33|f329665d-7c4e-4241-aac2-483e75d1dda3|1987
                    [CHAT_ENTITY_DATA_1] => Y|CONTACT|14737|N|N|4935|1641908586|67|0|0
                    [CHAT_ENTITY_DATA_2] => LEAD|0|COMPANY|0|CONTACT|14737|DEAL|0
                    [CHAT_ENTITY_DATA_3] => N
                    [COMMAND_CONTEXT] => TEXTAREA
                    [MESSAGE_ORIGINAL] => olá
                    [TO_USER_ID] => 0
                    [DIALOG_ID] => chat7619
                    [MESSAGE_ID] => 449357
                    [CHAT_TYPE] => L
                    [LANGUAGE] => br
                )

            [USER] => Array
                (
                    [ID] => 235
                    [NAME] => Lucas Linhares
                    [FIRST_NAME] => Lucas
                    [LAST_NAME] => Linhares
                    [WORK_POSITION] => Analista de Desenvolvimento de Sistemas
                    [GENDER] => M
                    [IS_BOT] => N
                    [IS_CONNECTOR] => N
                    [IS_NETWORK] => N
                    [IS_EXTRANET] => N
                )

        )

    [ts] => 1641909029
    [auth] => Array
        (
            [domain] => uctbrasil.bitrix24.com.br
            [client_endpoint] => https://uctbrasil.bitrix24.com.br/rest/
            [server_endpoint] => https://oauth.bitrix.info/rest/
            [member_id] => 7fd5e275ee0fc4ed7694d8dcbef15748
            [application_token] => v6sxch44gkh4er2rln7bodfxoly0ywl8
        )

)

Array
(
    [CLIENT_ID] => v6sxch44gkh4er2rln7bodfxoly0ywl8
    [event] => ONIMBOTMESSAGEADD
    [data] => Array
        (
            [BOT] => Array
                (
                    [2205] => Array
                        (
                            [BOT_ID] => 2205
                            [BOT_CODE] => h325liby681vj0td
                        )

                )

            [PARAMS] => Array
                (
                    [FROM_USER_ID] => 235
                    [TO_CHAT_ID] => 7619
                    [MESSAGE] => olá
                    [SILENT_CONNECTOR] => N
                    [TEMPLATE_ID] => temp0
                    [MESSAGE_TYPE] => L
                    [SKIP_COMMAND] => N
                    [SKIP_CONNECTOR] => N
                    [IMPORTANT_CONNECTOR] => N
                    [AUTHOR_ID] => 235
                    [CHAT_ID] => 7619
                    [CHAT_AUTHOR_ID] => 235
                    [CHAT_ENTITY_TYPE] => LINES
                    [CHAT_ENTITY_ID] => wz_whatsapp_c7fd5e275ee0fc4ed7694d8dcbef15748|33|f329665d-7c4e-4241-aac2-483e75d1dda3|1987
                    [CHAT_ENTITY_DATA_1] => Y|CONTACT|14737|N|N|4935|1641908586|67|0|0
                    [CHAT_ENTITY_DATA_2] => LEAD|0|COMPANY|0|CONTACT|14737|DEAL|0
                    [CHAT_ENTITY_DATA_3] => N
                    [COMMAND_CONTEXT] => TEXTAREA
                    [MESSAGE_ORIGINAL] => olá
                    [TO_USER_ID] => 0
                    [DIALOG_ID] => chat7619
                    [MESSAGE_ID] => 449357
                    [CHAT_TYPE] => L
                    [LANGUAGE] => br
                )

            [USER] => Array
                (
                    [ID] => 235
                    [NAME] => Lucas Linhares
                    [FIRST_NAME] => Lucas
                    [LAST_NAME] => Linhares
                    [WORK_POSITION] => Analista de Desenvolvimento de Sistemas
                    [GENDER] => M
                    [IS_BOT] => N
                    [IS_CONNECTOR] => N
                    [IS_NETWORK] => N
                    [IS_EXTRANET] => N
                )

        )

    [ts] => 1641909029
    [auth] => Array
        (
            [domain] => uctbrasil.bitrix24.com.br
            [client_endpoint] => https://uctbrasil.bitrix24.com.br/rest/
            [server_endpoint] => https://oauth.bitrix.info/rest/
            [member_id] => 7fd5e275ee0fc4ed7694d8dcbef15748
            [application_token] => v6sxch44gkh4er2rln7bodfxoly0ywl8
        )

)
